[debug] [2018-10-25T22:31:49.206Z] ----------------------------------------------------------------------
[debug] [2018-10-25T22:31:49.209Z] Command:       /usr/local/Cellar/node/10.12.0/bin/node /usr/local/bin/firebase init
[debug] [2018-10-25T22:31:49.209Z] CLI Version:   5.1.1
[debug] [2018-10-25T22:31:49.209Z] Platform:      darwin
[debug] [2018-10-25T22:31:49.209Z] Node Version:  v10.12.0
[debug] [2018-10-25T22:31:49.211Z] Time:          Thu Oct 25 2018 15:31:49 GMT-0700 (Pacific Daylight Time)
[debug] [2018-10-25T22:31:49.211Z] ----------------------------------------------------------------------
[debug] 
[debug] [2018-10-25T22:31:49.221Z] > command requires scopes: ["email","openid","https://www.googleapis.com/auth/cloudplatformprojects.readonly","https://www.googleapis.com/auth/firebase","https://www.googleapis.com/auth/cloud-platform"]
[debug] [2018-10-25T22:31:49.222Z] > authorizing via signed-in user
[info] 
     🔥🔥🔥🔥🔥🔥🔥🔥 🔥🔥🔥🔥 🔥🔥🔥🔥🔥🔥🔥🔥  🔥🔥🔥🔥🔥🔥🔥🔥 🔥🔥🔥🔥🔥🔥🔥🔥     🔥🔥🔥     🔥🔥🔥🔥🔥🔥  🔥🔥🔥🔥🔥🔥🔥🔥
     🔥🔥        🔥🔥  🔥🔥     🔥🔥 🔥🔥       🔥🔥     🔥🔥  🔥🔥   🔥🔥  🔥🔥       🔥🔥
     🔥🔥🔥🔥🔥🔥    🔥🔥  🔥🔥🔥🔥🔥🔥🔥🔥  🔥🔥🔥🔥🔥🔥   🔥🔥🔥🔥🔥🔥🔥🔥  🔥🔥🔥🔥🔥🔥🔥🔥🔥  🔥🔥🔥🔥🔥🔥  🔥🔥🔥🔥🔥🔥
     🔥🔥        🔥🔥  🔥🔥    🔥🔥  🔥🔥       🔥🔥     🔥🔥 🔥🔥     🔥🔥       🔥🔥 🔥🔥
     🔥🔥       🔥🔥🔥🔥 🔥🔥     🔥🔥 🔥🔥🔥🔥🔥🔥🔥🔥 🔥🔥🔥🔥🔥🔥🔥🔥  🔥🔥     🔥🔥  🔥🔥🔥🔥🔥🔥  🔥🔥🔥🔥🔥🔥🔥🔥

You're about to initialize a Firebase project in this directory:

  /Users/meguruyasuda/Desktop/recipe-box-angular

[info] 
=== Project Setup
[info] 
[info] First, let's associate this project directory with a Firebase project.
[info] You can create multiple project aliases by running firebase use --add, 
[info] but for now we'll just set up a default project.
[info] 
[debug] [2018-10-25T22:34:16.877Z] > refreshing access token with scopes: ["email","https://www.googleapis.com/auth/cloud-platform","https://www.googleapis.com/auth/cloudplatformprojects.readonly","https://www.googleapis.com/auth/firebase","openid"]
[debug] [2018-10-25T22:34:16.877Z] >>> HTTP REQUEST POST https://www.googleapis.com/oauth2/v3/token  
 <request body omitted>
[debug] [2018-10-25T22:34:17.004Z] <<< HTTP RESPONSE 200
[debug] [2018-10-25T22:34:17.026Z] >>> HTTP REQUEST GET https://firebase.googleapis.com/v1beta1/projects?page_size=100  
 
[debug] [2018-10-25T22:34:17.265Z] <<< HTTP RESPONSE 200
[debug] [2018-10-25T22:34:17.321Z] TypeError: Cannot read property 'projectId' of undefined
    at /usr/local/lib/node_modules/firebase-tools/lib/init/features/project.js:48:23
    at arrayMap (/usr/local/lib/node_modules/firebase-tools/node_modules/lodash/lodash.js:639:23)
    at Function.map (/usr/local/lib/node_modules/firebase-tools/node_modules/lodash/lodash.js:9556:14)
    at /usr/local/lib/node_modules/firebase-tools/lib/init/features/project.js:46:21
    at process._tickCallback (internal/process/next_tick.js:68:7)
[error] 
[error] Error: An unexpected error has occurred.
